[INFO] -  * Running on http://0.0.0.0:5005/ (Press CTRL+C to quit)
[INFO] - [-] Performing "Service Deployment"
[INFO] -     - Checking if slice "IoTService_sliced" exists
[INFO] -     - Adding namespaces to Slices Database
[INFO] -     - Requesting slice 'IoTService_sliced' from Slices Database
[INFO] -     - Generating YAML for IMA.monitoring
[INFO] -     - Calling IMA.monitoring to monitor containers
[INFO] -     - Response | Status code[201]: {'Created': 'Monitoring Successfully Created'}...
[INFO] -     [-] The requested services are running and monitored
[INFO] -     - Looking for elasticity policies.
[INFO] -        - 1 elasticity policies saved.
[INFO] - 172.100.100.111 - - [24/Sep/2019 12:46:15] "POST /necos/sro/deploy_service HTTP/1.1" 200 -
[INFO] - [*] Elasticity agent 'IoT_Agent_CPU_overhead' started.
[INFO] -  + Elasticity agent 'IoT_Agent_CPU_overhead' | k8s-node-1-5-113 - points: ['27.81', '18.6', '27.2']
[INFO] -  + Elasticity agent 'IoT_Agent_CPU_overhead' | k8s-node-1-5-113 - points: ['20.2', '27.81', '18.6']
[INFO] -  + Elasticity agent 'IoT_Agent_CPU_overhead' | k8s-node-1-5-113 - points: ['20.2', '27.81', '18.6']
[INFO] -  + Elasticity agent 'IoT_Agent_CPU_overhead' | k8s-node-1-5-113 - points: ['30.15', '20.2', '27.81']
[INFO] -  + Elasticity agent 'IoT_Agent_CPU_overhead' | k8s-node-1-5-113 - points: ['29.6', '30.15', '20.2']
[INFO] -  + Elasticity agent 'IoT_Agent_CPU_overhead' | k8s-node-1-5-113 - points: ['21.58', '29.6', '30.15']
[INFO] -  + Elasticity agent 'IoT_Agent_CPU_overhead' | k8s-node-1-5-113 - points: ['21.58', '29.6', '30.15']
[INFO] -  + Elasticity agent 'IoT_Agent_CPU_overhead' | k8s-node-1-5-113 - points: ['28.8', '21.58', '29.6']
[INFO] -  + Elasticity agent 'IoT_Agent_CPU_overhead' | k8s-node-1-5-113 - points: ['19.38', '28.8', '21.58']
[INFO] -  + Elasticity agent 'IoT_Agent_CPU_overhead' | k8s-node-1-5-113 - points: ['19.38', '28.8', '21.58']
[INFO] -  + Elasticity agent 'IoT_Agent_CPU_overhead' | k8s-node-1-5-113 - points: ['29.61', '19.38', '28.8']
[INFO] -  + Elasticity agent 'IoT_Agent_CPU_overhead' | k8s-node-1-5-113 - points: ['27.4', '29.61', '19.38']
[INFO] -  + Elasticity agent 'IoT_Agent_CPU_overhead' | k8s-node-1-5-113 - points: ['27.4', '29.61', '19.38']
[INFO] -  + Elasticity agent 'IoT_Agent_CPU_overhead' | k8s-node-1-5-113 - points: ['19.01', '27.4', '29.61']
[INFO] -  + Elasticity agent 'IoT_Agent_CPU_overhead' | k8s-node-1-5-113 - points: ['27.2', '19.01', '27.4']
[INFO] -  + Elasticity agent 'IoT_Agent_CPU_overhead' | k8s-node-1-5-113 - points: ['22.8', '27.2', '19.01']
[INFO] -  + Elasticity agent 'IoT_Agent_CPU_overhead' | k8s-node-1-5-113 - points: ['22.8', '27.2', '19.01']
[INFO] -  + Elasticity agent 'IoT_Agent_CPU_overhead' | k8s-node-1-5-113 - points: ['27', '22.8', '27.2']
[INFO] -  + Elasticity agent 'IoT_Agent_CPU_overhead' | k8s-node-1-5-113 - points: ['19.2', '27', '22.8']
[INFO] -  + Elasticity agent 'IoT_Agent_CPU_overhead' | k8s-node-1-5-113 - points: ['19.2', '27', '22.8']
[INFO] -  + Elasticity agent 'IoT_Agent_CPU_overhead' | k8s-node-1-5-113 - points: ['28.4', '19.2', '27']
[INFO] -  + Elasticity agent 'IoT_Agent_CPU_overhead' | k8s-node-1-5-113 - points: ['20.4', '28.4', '19.2']
[INFO] -  + Elasticity agent 'IoT_Agent_CPU_overhead' | k8s-node-1-5-113 - points: ['20.4', '28.4', '19.2']
[INFO] -  + Elasticity agent 'IoT_Agent_CPU_overhead' | k8s-node-1-5-113 - points: ['19.4', '20.4', '28.4']
[INFO] -  + Elasticity agent 'IoT_Agent_CPU_overhead' | k8s-node-1-5-113 - points: ['27.78', '19.4', '20.4']
[INFO] -  + Elasticity agent 'IoT_Agent_CPU_overhead' | k8s-node-1-5-113 - points: ['27.8', '27.78', '19.4']
[INFO] -  + Elasticity agent 'IoT_Agent_CPU_overhead' | k8s-node-1-5-113 - points: ['27.8', '27.78', '19.4']
[INFO] -  + Elasticity agent 'IoT_Agent_CPU_overhead' | k8s-node-1-5-113 - points: ['28.6', '27.8', '27.78']
[INFO] -  + Elasticity agent 'IoT_Agent_CPU_overhead' | k8s-node-1-5-113 - points: ['19', '28.6', '27.8']
[INFO] -  + Elasticity agent 'IoT_Agent_CPU_overhead' | k8s-node-1-5-113 - points: ['19', '28.6', '27.8']
[INFO] -  + Elasticity agent 'IoT_Agent_CPU_overhead' | k8s-node-1-5-113 - points: ['28.4', '19', '28.6']
[INFO] -  + Elasticity agent 'IoT_Agent_CPU_overhead' | k8s-node-1-5-113 - points: ['19.6', '28.4', '19']
[INFO] -  + Elasticity agent 'IoT_Agent_CPU_overhead' | k8s-node-1-5-113 - points: ['19.6', '28.4', '19']
[INFO] -  + Elasticity agent 'IoT_Agent_CPU_overhead' | k8s-node-1-5-113 - points: ['27.6', '19.6', '28.4']
[INFO] -  + Elasticity agent 'IoT_Agent_CPU_overhead' | k8s-node-1-5-113 - points: ['30', '27.6', '19.6']
[INFO] -  + Elasticity agent 'IoT_Agent_CPU_overhead' | k8s-node-1-5-113 - points: ['21.2', '30', '27.6']
[INFO] -  + Elasticity agent 'IoT_Agent_CPU_overhead' | k8s-node-1-5-113 - points: ['21.2', '30', '27.6']
[INFO] -  + Elasticity agent 'IoT_Agent_CPU_overhead' | k8s-node-1-5-113 - points: ['46.61', '21.2', '30']
[INFO] -  + Elasticity agent 'IoT_Agent_CPU_overhead' | k8s-node-1-5-113 - points: ['36', '46.61', '21.2']
[INFO] -  + Elasticity agent 'IoT_Agent_CPU_overhead' | k8s-node-1-5-113 - points: ['36', '46.61', '21.2']
[INFO] -  + Elasticity agent 'IoT_Agent_CPU_overhead' | k8s-node-1-5-113 - points: ['49.98', '36', '46.61']
[INFO] -  + Elasticity agent 'IoT_Agent_CPU_overhead' | k8s-node-1-5-113 - points: ['52.4', '49.98', '36']
[INFO] -  + Elasticity agent 'IoT_Agent_CPU_overhead' | k8s-node-1-5-113 - points: ['18', '52.4', '49.98']
[INFO] -  + Elasticity agent 'IoT_Agent_CPU_overhead' | k8s-node-1-5-113 - points: ['18', '52.4', '49.98']
[INFO] -  + Elasticity agent 'IoT_Agent_CPU_overhead' | k8s-node-1-5-113 - points: ['27.61', '18', '52.4']
[INFO] -  + Elasticity agent 'IoT_Agent_CPU_overhead' | k8s-node-1-5-113 - points: ['46.58', '27.61', '18']
[INFO] -  + Elasticity agent 'IoT_Agent_CPU_overhead' | k8s-node-1-5-113 - points: ['46.58', '27.61', '18']
[INFO] -  + Elasticity agent 'IoT_Agent_CPU_overhead' | k8s-node-1-5-113 - points: ['73.19', '46.58', '27.61']
[INFO] -  + Elasticity agent 'IoT_Agent_CPU_overhead' | k8s-node-1-5-113 - points: ['77.80', '73.19', '46.58']
[INFO] -  + Elasticity agent 'IoT_Agent_CPU_overhead' | k8s-node-1-5-113 - points: ['85.20', '77.80', '73.19']
[INFO] -  + Elasticity agent 'IoT_Agent_CPU_overhead' | k8s-node-1-5-113 - points: ['85.20', '77.80', '73.19']
[INFO] -  + Elasticity agent 'IoT_Agent_CPU_overhead' | k8s-node-1-5-113 - points: ['82.22', '85.20', '77.80']
[WARNING] - [!] Elasticity agent 'IoT_Agent_CPU_overhead' | k8s-node-1-5-113 is over threshold: ['85.20', '82.22', '85.20']
[INFO] -    - Pausing elasticity agents...
[INFO] - [-] Performing "Vertical Elasticity": upgrade
[INFO] -     - Generating YAML for DC Controller
[INFO] -     - Calling DC Controller at http://143.106.11.131:5001
[INFO] -    - New worker deployed.
[INFO] -     - Calling Slices Database
[INFO] -     - Slice updated with the new VDU.
[INFO] -     - Generating YAML for IMA.management
[INFO] -     - Waiting 1 minute to redeploy the service...
[INFO] -     - Calling IMA.management to redeploy the service
[INFO] -     - Response | Status code[200]: The Service for IoTService_sliced was created!...
[INFO] -     - Service redeployed correctly.
[INFO] - [-] Vertical elasticity correctly executed.
[INFO] -    - Reactivating elasticity agents in 30 minutes...
[INFO] -    - Reactivating elasticity agents in 29 minutes...
[INFO] -    - Reactivating elasticity agents in 28 minutes...
[INFO] -    - Reactivating elasticity agents in 27 minutes...
[INFO] -    - Reactivating elasticity agents in 26 minutes...
[INFO] -    - Reactivating elasticity agents in 25 minutes...
[INFO] -    - Reactivating elasticity agents in 24 minutes...
[INFO] -    - Reactivating elasticity agents in 23 minutes...
[INFO] -    - Reactivating elasticity agents in 22 minutes...
[INFO] -    - Reactivating elasticity agents in 21 minutes...
[INFO] -    - Reactivating elasticity agents in 20 minutes...
[INFO] -    - Reactivating elasticity agents in 19 minutes...
[INFO] -    - Reactivating elasticity agents in 18 minutes...
[INFO] -    - Reactivating elasticity agents in 17 minutes...
[INFO] -    - Reactivating elasticity agents in 16 minutes...
[INFO] -    - Reactivating elasticity agents in 15 minutes...
[INFO] -    - Reactivating elasticity agents in 14 minutes...
[INFO] -    - Reactivating elasticity agents in 13 minutes...
[INFO] -    - Reactivating elasticity agents in 12 minutes...
[INFO] -    - Reactivating elasticity agents in 11 minutes...
[INFO] -    - Reactivating elasticity agents in 10 minutes...
[INFO] -    - Reactivating elasticity agents in 9 minutes...
[INFO] -    - Reactivating elasticity agents in 8 minutes...
[INFO] -    - Reactivating elasticity agents in 7 minutes...
[INFO] -    - Reactivating elasticity agents in 6 minutes...
[INFO] -    - Reactivating elasticity agents in 5 minutes...
[INFO] -    - Reactivating elasticity agents in 4 minutes...
[INFO] -    - Reactivating elasticity agents in 3 minutes...
[INFO] -    - Reactivating elasticity agents in 2 minutes...
[INFO] -    - Reactivating elasticity agents in 1 minutes...
[INFO] -    - Reactivating elasticity agents now...
[INFO] -  + Elasticity agent 'IoT_Agent_CPU_overhead' | k8s-node-2-5-113 - points: ['22.6', '17.16', '15.26']
[INFO] -  + Elasticity agent 'IoT_Agent_CPU_overhead' | k8s-node-1-5-113 - points: ['19.4', '33.18', '20.41']
[INFO] -  + Elasticity agent 'IoT_Agent_CPU_overhead' | k8s-node-2-5-113 - points: ['24.8', '22.6', '17.16']
[INFO] -  + Elasticity agent 'IoT_Agent_CPU_overhead' | k8s-node-1-5-113 - points: ['18.6', '19.4', '33.18']
[INFO] -  + Elasticity agent 'IoT_Agent_CPU_overhead' | k8s-node-2-5-113 - points: ['14.81', '24.8', '22.6']
[INFO] -  + Elasticity agent 'IoT_Agent_CPU_overhead' | k8s-node-1-5-113 - points: ['30', '18.6', '19.4']
[INFO] -  + Elasticity agent 'IoT_Agent_CPU_overhead' | k8s-node-2-5-113 - points: ['14.81', '24.8', '22.6']
[INFO] -  + Elasticity agent 'IoT_Agent_CPU_overhead' | k8s-node-1-5-113 - points: ['30', '18.6', '19.4']
[INFO] -  + Elasticity agent 'IoT_Agent_CPU_overhead' | k8s-node-2-5-113 - points: ['21.35', '14.81', '24.8']
[INFO] -  + Elasticity agent 'IoT_Agent_CPU_overhead' | k8s-node-1-5-113 - points: ['21.78', '30', '18.6']
[INFO] -  + Elasticity agent 'IoT_Agent_CPU_overhead' | k8s-node-2-5-113 - points: ['16.21', '21.35', '14.81']
[INFO] -  + Elasticity agent 'IoT_Agent_CPU_overhead' | k8s-node-1-5-113 - points: ['20.6', '21.78', '30']
[INFO] -  + Elasticity agent 'IoT_Agent_CPU_overhead' | k8s-node-2-5-113 - points: ['16.21', '21.35', '14.81']
[INFO] -  + Elasticity agent 'IoT_Agent_CPU_overhead' | k8s-node-1-5-113 - points: ['20.6', '21.78', '30']
[INFO] -  + Elasticity agent 'IoT_Agent_CPU_overhead' | k8s-node-2-5-113 - points: ['23.38', '16.21', '21.35']
[INFO] -  + Elasticity agent 'IoT_Agent_CPU_overhead' | k8s-node-1-5-113 - points: ['21.2', '20.6', '21.78']
[INFO] -  + Elasticity agent 'IoT_Agent_CPU_overhead' | k8s-node-2-5-113 - points: ['23.38', '16.21', '21.35']
[INFO] -  + Elasticity agent 'IoT_Agent_CPU_overhead' | k8s-node-1-5-113 - points: ['21.2', '20.6', '21.78']
[INFO] -  + Elasticity agent 'IoT_Agent_CPU_overhead' | k8s-node-2-5-113 - points: ['22.73', '23.38', '16.21']
[INFO] -  + Elasticity agent 'IoT_Agent_CPU_overhead' | k8s-node-1-5-113 - points: ['19', '21.2', '20.6']
[INFO] -  + Elasticity agent 'IoT_Agent_CPU_overhead' | k8s-node-2-5-113 - points: ['14.07', '22.73', '23.38']
[INFO] -  + Elasticity agent 'IoT_Agent_CPU_overhead' | k8s-node-1-5-113 - points: ['20.6', '19', '21.2']
[INFO] -  + Elasticity agent 'IoT_Agent_CPU_overhead' | k8s-node-2-5-113 - points: ['14.07', '22.73', '23.38']
[INFO] -  + Elasticity agent 'IoT_Agent_CPU_overhead' | k8s-node-1-5-113 - points: ['20.6', '19', '21.2']
[INFO] -  + Elasticity agent 'IoT_Agent_CPU_overhead' | k8s-node-2-5-113 - points: ['21.89', '14.07', '22.73']
[INFO] -  + Elasticity agent 'IoT_Agent_CPU_overhead' | k8s-node-1-5-113 - points: ['19.8', '20.6', '19']
[INFO] -  + Elasticity agent 'IoT_Agent_CPU_overhead' | k8s-node-2-5-113 - points: ['15.83', '21.89', '14.07']
[INFO] -  + Elasticity agent 'IoT_Agent_CPU_overhead' | k8s-node-1-5-113 - points: ['35.6', '19.8', '20.6']
[INFO] -  + Elasticity agent 'IoT_Agent_CPU_overhead' | k8s-node-2-5-113 - points: ['15.83', '21.89', '14.07']
[INFO] -  + Elasticity agent 'IoT_Agent_CPU_overhead' | k8s-node-1-5-113 - points: ['35.6', '19.8', '20.6']
[INFO] -  + Elasticity agent 'IoT_Agent_CPU_overhead' | k8s-node-2-5-113 - points: ['22.35', '15.83', '21.89']
[INFO] -  + Elasticity agent 'IoT_Agent_CPU_overhead' | k8s-node-1-5-113 - points: ['20.38', '35.6', '19.8']
[INFO] -  + Elasticity agent 'IoT_Agent_CPU_overhead' | k8s-node-2-5-113 - points: ['14.8', '22.35', '15.83']
[INFO] -  + Elasticity agent 'IoT_Agent_CPU_overhead' | k8s-node-1-5-113 - points: ['19.8', '20.38', '35.6']
[INFO] -  + Elasticity agent 'IoT_Agent_CPU_overhead' | k8s-node-2-5-113 - points: ['14.8', '22.35', '15.83']
[INFO] -  + Elasticity agent 'IoT_Agent_CPU_overhead' | k8s-node-1-5-113 - points: ['19.8', '20.38', '35.6']
[INFO] -  + Elasticity agent 'IoT_Agent_CPU_overhead' | k8s-node-2-5-113 - points: ['16', '14.8', '22.35']
[INFO] -  + Elasticity agent 'IoT_Agent_CPU_overhead' | k8s-node-1-5-113 - points: ['31.78', '19.8', '20.38']
[INFO] -  + Elasticity agent 'IoT_Agent_CPU_overhead' | k8s-node-2-5-113 - points: ['16', '14.8', '22.35']
[INFO] -  + Elasticity agent 'IoT_Agent_CPU_overhead' | k8s-node-1-5-113 - points: ['31.78', '19.8', '20.38']
[INFO] -  + Elasticity agent 'IoT_Agent_CPU_overhead' | k8s-node-2-5-113 - points: ['21', '16', '14.8']
[INFO] -  + Elasticity agent 'IoT_Agent_CPU_overhead' | k8s-node-1-5-113 - points: ['20.4', '31.78', '19.8']
[INFO] -  + Elasticity agent 'IoT_Agent_CPU_overhead' | k8s-node-2-5-113 - points: ['16.2', '21', '16']
[INFO] -  + Elasticity agent 'IoT_Agent_CPU_overhead' | k8s-node-1-5-113 - points: ['28.8', '20.4', '31.78']
[INFO] -  + Elasticity agent 'IoT_Agent_CPU_overhead' | k8s-node-2-5-113 - points: ['16.2', '21', '16']
[INFO] -  + Elasticity agent 'IoT_Agent_CPU_overhead' | k8s-node-1-5-113 - points: ['28.8', '20.4', '31.78']
[INFO] -  + Elasticity agent 'IoT_Agent_CPU_overhead' | k8s-node-2-5-113 - points: ['22.29', '16.2', '21']
[INFO] -  + Elasticity agent 'IoT_Agent_CPU_overhead' | k8s-node-1-5-113 - points: ['19.41', '28.8', '20.4']
[INFO] -  + Elasticity agent 'IoT_Agent_CPU_overhead' | k8s-node-2-5-113 - points: ['23.2', '22.29', '16.2']
[INFO] -  + Elasticity agent 'IoT_Agent_CPU_overhead' | k8s-node-1-5-113 - points: ['22.4', '19.41', '28.8']
[INFO] -  + Elasticity agent 'IoT_Agent_CPU_overhead' | k8s-node-2-5-113 - points: ['23.2', '22.29', '16.2']
[INFO] -  + Elasticity agent 'IoT_Agent_CPU_overhead' | k8s-node-1-5-113 - points: ['22.4', '19.41', '28.8']
[INFO] -  + Elasticity agent 'IoT_Agent_CPU_overhead' | k8s-node-2-5-113 - points: ['22.46', '23.2', '22.29']
[INFO] -  + Elasticity agent 'IoT_Agent_CPU_overhead' | k8s-node-1-5-113 - points: ['32', '22.4', '19.41']
[INFO] -  + Elasticity agent 'IoT_Agent_CPU_overhead' | k8s-node-2-5-113 - points: ['22.46', '23.2', '22.29']
[INFO] -  + Elasticity agent 'IoT_Agent_CPU_overhead' | k8s-node-1-5-113 - points: ['32', '22.4', '19.41']
[INFO] -  + Elasticity agent 'IoT_Agent_CPU_overhead' | k8s-node-2-5-113 - points: ['22', '22.46', '23.2']
[INFO] -  + Elasticity agent 'IoT_Agent_CPU_overhead' | k8s-node-1-5-113 - points: ['21', '32', '22.4']
[INFO] -  + Elasticity agent 'IoT_Agent_CPU_overhead' | k8s-node-2-5-113 - points: ['16.50', '22', '22.46']
[INFO] -  + Elasticity agent 'IoT_Agent_CPU_overhead' | k8s-node-1-5-113 - points: ['28.6', '21', '32']
[INFO] -  + Elasticity agent 'IoT_Agent_CPU_overhead' | k8s-node-2-5-113 - points: ['16.50', '22', '22.46']
[INFO] -  + Elasticity agent 'IoT_Agent_CPU_overhead' | k8s-node-1-5-113 - points: ['28.6', '21', '32']
[INFO] -  + Elasticity agent 'IoT_Agent_CPU_overhead' | k8s-node-2-5-113 - points: ['23.6', '16.50', '22']
[INFO] -  + Elasticity agent 'IoT_Agent_CPU_overhead' | k8s-node-1-5-113 - points: ['21.8', '28.6', '21']
[INFO] -  + Elasticity agent 'IoT_Agent_CPU_overhead' | k8s-node-2-5-113 - points: ['20.2', '23.6', '16.50']
[INFO] -  + Elasticity agent 'IoT_Agent_CPU_overhead' | k8s-node-1-5-113 - points: ['19.8', '21.8', '28.6']
[INFO] -  + Elasticity agent 'IoT_Agent_CPU_overhead' | k8s-node-2-5-113 - points: ['20.2', '23.6', '16.50']
[INFO] -  + Elasticity agent 'IoT_Agent_CPU_overhead' | k8s-node-1-5-113 - points: ['19.8', '21.8', '28.6']
[INFO] -  + Elasticity agent 'IoT_Agent_CPU_overhead' | k8s-node-2-5-113 - points: ['16.2', '20.2', '23.6']
[INFO] -  + Elasticity agent 'IoT_Agent_CPU_overhead' | k8s-node-1-5-113 - points: ['30.8', '19.8', '21.8']
[INFO] -  + Elasticity agent 'IoT_Agent_CPU_overhead' | k8s-node-2-5-113 - points: ['16.2', '20.2', '23.6']
[INFO] -  + Elasticity agent 'IoT_Agent_CPU_overhead' | k8s-node-1-5-113 - points: ['30.8', '19.8', '21.8']
[INFO] -  + Elasticity agent 'IoT_Agent_CPU_overhead' | k8s-node-2-5-113 - points: ['21.58', '16.2', '20.2']
[INFO] -  + Elasticity agent 'IoT_Agent_CPU_overhead' | k8s-node-1-5-113 - points: ['31.2', '30.8', '19.8']
[INFO] -  + Elasticity agent 'IoT_Agent_CPU_overhead' | k8s-node-2-5-113 - points: ['14.05', '21.58', '16.2']
[INFO] -  + Elasticity agent 'IoT_Agent_CPU_overhead' | k8s-node-1-5-113 - points: ['35.01', '31.2', '30.8']
[INFO] -  + Elasticity agent 'IoT_Agent_CPU_overhead' | k8s-node-2-5-113 - points: ['14.05', '21.58', '16.2']
[INFO] -  + Elasticity agent 'IoT_Agent_CPU_overhead' | k8s-node-1-5-113 - points: ['35.01', '31.2', '30.8']
[INFO] -  + Elasticity agent 'IoT_Agent_CPU_overhead' | k8s-node-2-5-113 - points: ['16.45', '14.05', '21.58']
[INFO] -  + Elasticity agent 'IoT_Agent_CPU_overhead' | k8s-node-1-5-113 - points: ['29.21', '35.01', '31.2']
[INFO] -  + Elasticity agent 'IoT_Agent_CPU_overhead' | k8s-node-2-5-113 - points: ['20.98', '16.45', '14.05']
[INFO] -  + Elasticity agent 'IoT_Agent_CPU_overhead' | k8s-node-1-5-113 - points: ['21.38', '29.21', '35.01']
[INFO] -  + Elasticity agent 'IoT_Agent_CPU_overhead' | k8s-node-2-5-113 - points: ['20.98', '16.45', '14.05']
[INFO] -  + Elasticity agent 'IoT_Agent_CPU_overhead' | k8s-node-1-5-113 - points: ['21.38', '29.21', '35.01']
[INFO] -  + Elasticity agent 'IoT_Agent_CPU_overhead' | k8s-node-2-5-113 - points: ['17.15', '20.98', '16.45']
[INFO] -  + Elasticity agent 'IoT_Agent_CPU_overhead' | k8s-node-1-5-113 - points: ['21.6', '21.38', '29.21']
[INFO] -  + Elasticity agent 'IoT_Agent_CPU_overhead' | k8s-node-2-5-113 - points: ['17.15', '20.98', '16.45']
[INFO] -  + Elasticity agent 'IoT_Agent_CPU_overhead' | k8s-node-1-5-113 - points: ['21.6', '21.38', '29.21']
[INFO] -  + Elasticity agent 'IoT_Agent_CPU_overhead' | k8s-node-2-5-113 - points: ['22.21', '17.15', '20.98']
[INFO] -  + Elasticity agent 'IoT_Agent_CPU_overhead' | k8s-node-1-5-113 - points: ['21.2', '21.6', '21.38']
[INFO] -  + Elasticity agent 'IoT_Agent_CPU_overhead' | k8s-node-2-5-113 - points: ['17', '22.21', '17.15']
[INFO] -  + Elasticity agent 'IoT_Agent_CPU_overhead' | k8s-node-1-5-113 - points: ['22.4', '21.2', '21.6']
[INFO] -  + Elasticity agent 'IoT_Agent_CPU_overhead' | k8s-node-2-5-113 - points: ['17', '22.21', '17.15']
[INFO] -  + Elasticity agent 'IoT_Agent_CPU_overhead' | k8s-node-1-5-113 - points: ['22.4', '21.2', '21.6']
[INFO] -  + Elasticity agent 'IoT_Agent_CPU_overhead' | k8s-node-2-5-113 - points: ['14.17', '17', '22.21']
[INFO] -  + Elasticity agent 'IoT_Agent_CPU_overhead' | k8s-node-1-5-113 - points: ['29.4', '22.4', '21.2']
[INFO] -  + Elasticity agent 'IoT_Agent_CPU_overhead' | k8s-node-2-5-113 - points: ['25.35', '14.17', '17']
[INFO] -  + Elasticity agent 'IoT_Agent_CPU_overhead' | k8s-node-1-5-113 - points: ['21.8', '29.4', '22.4']
[INFO] -  + Elasticity agent 'IoT_Agent_CPU_overhead' | k8s-node-2-5-113 - points: ['25.35', '14.17', '17']
[INFO] -  + Elasticity agent 'IoT_Agent_CPU_overhead' | k8s-node-1-5-113 - points: ['21.8', '29.4', '22.4']
[INFO] -  + Elasticity agent 'IoT_Agent_CPU_overhead' | k8s-node-2-5-113 - points: ['16.8', '25.35', '14.17']
[INFO] -  + Elasticity agent 'IoT_Agent_CPU_overhead' | k8s-node-1-5-113 - points: ['31.6', '21.8', '29.4']
[INFO] -  + Elasticity agent 'IoT_Agent_CPU_overhead' | k8s-node-2-5-113 - points: ['22', '16.8', '25.35']
[INFO] -  + Elasticity agent 'IoT_Agent_CPU_overhead' | k8s-node-1-5-113 - points: ['20.4', '31.6', '21.8']
[INFO] -  + Elasticity agent 'IoT_Agent_CPU_overhead' | k8s-node-2-5-113 - points: ['22', '16.8', '25.35']
[INFO] -  + Elasticity agent 'IoT_Agent_CPU_overhead' | k8s-node-1-5-113 - points: ['20.4', '31.6', '21.8']
[INFO] -  + Elasticity agent 'IoT_Agent_CPU_overhead' | k8s-node-2-5-113 - points: ['15.71', '22', '16.8']
[INFO] -  + Elasticity agent 'IoT_Agent_CPU_overhead' | k8s-node-1-5-113 - points: ['28.4', '20.4', '31.6']
[INFO] -  + Elasticity agent 'IoT_Agent_CPU_overhead' | k8s-node-2-5-113 - points: ['15.71', '22', '16.8']
[INFO] -  + Elasticity agent 'IoT_Agent_CPU_overhead' | k8s-node-1-5-113 - points: ['28.4', '20.4', '31.6']
[INFO] -  + Elasticity agent 'IoT_Agent_CPU_overhead' | k8s-node-2-5-113 - points: ['24.2', '15.71', '22']
[INFO] -  + Elasticity agent 'IoT_Agent_CPU_overhead' | k8s-node-1-5-113 - points: ['29.21', '28.4', '20.4']
[INFO] -  + Elasticity agent 'IoT_Agent_CPU_overhead' | k8s-node-2-5-113 - points: ['20.6', '24.2', '15.71']
[INFO] -  + Elasticity agent 'IoT_Agent_CPU_overhead' | k8s-node-1-5-113 - points: ['20.01', '29.21', '28.4']
[INFO] -  + Elasticity agent 'IoT_Agent_CPU_overhead' | k8s-node-2-5-113 - points: ['20.6', '24.2', '15.71']
[INFO] -  + Elasticity agent 'IoT_Agent_CPU_overhead' | k8s-node-1-5-113 - points: ['20.01', '29.21', '28.4']
[INFO] -  + Elasticity agent 'IoT_Agent_CPU_overhead' | k8s-node-2-5-113 - points: ['16.66', '20.6', '24.2']
[INFO] -  + Elasticity agent 'IoT_Agent_CPU_overhead' | k8s-node-1-5-113 - points: ['30.18', '20.01', '29.21']
[INFO] -  + Elasticity agent 'IoT_Agent_CPU_overhead' | k8s-node-2-5-113 - points: ['20.30', '16.66', '20.6']
[INFO] -  + Elasticity agent 'IoT_Agent_CPU_overhead' | k8s-node-1-5-113 - points: ['20.6', '30.18', '20.01']
[INFO] -  + Elasticity agent 'IoT_Agent_CPU_overhead' | k8s-node-2-5-113 - points: ['20.30', '16.66', '20.6']
[INFO] -  + Elasticity agent 'IoT_Agent_CPU_overhead' | k8s-node-1-5-113 - points: ['20.6', '30.18', '20.01']
[INFO] -  + Elasticity agent 'IoT_Agent_CPU_overhead' | k8s-node-2-5-113 - points: ['15.68', '20.30', '16.66']
[INFO] -  + Elasticity agent 'IoT_Agent_CPU_overhead' | k8s-node-1-5-113 - points: ['36.58', '20.6', '30.18']
[INFO] -  + Elasticity agent 'IoT_Agent_CPU_overhead' | k8s-node-2-5-113 - points: ['15.68', '20.30', '16.66']
[INFO] -  + Elasticity agent 'IoT_Agent_CPU_overhead' | k8s-node-1-5-113 - points: ['36.58', '20.6', '30.18']
[INFO] -  + Elasticity agent 'IoT_Agent_CPU_overhead' | k8s-node-2-5-113 - points: ['21.2', '15.68', '20.30']
[INFO] -  + Elasticity agent 'IoT_Agent_CPU_overhead' | k8s-node-1-5-113 - points: ['19.8', '36.58', '20.6']
[INFO] -  + Elasticity agent 'IoT_Agent_CPU_overhead' | k8s-node-2-5-113 - points: ['20.8', '21.2', '15.68']
[INFO] -  + Elasticity agent 'IoT_Agent_CPU_overhead' | k8s-node-1-5-113 - points: ['20.38', '19.8', '36.58']
[INFO] -  + Elasticity agent 'IoT_Agent_CPU_overhead' | k8s-node-2-5-113 - points: ['20.8', '21.2', '15.68']
[INFO] -  + Elasticity agent 'IoT_Agent_CPU_overhead' | k8s-node-1-5-113 - points: ['20.38', '19.8', '36.58']
[INFO] -  + Elasticity agent 'IoT_Agent_CPU_overhead' | k8s-node-2-5-113 - points: ['15.48', '20.8', '21.2']
[INFO] -  + Elasticity agent 'IoT_Agent_CPU_overhead' | k8s-node-1-5-113 - points: ['30.6', '20.38', '19.8']
[INFO] -  + Elasticity agent 'IoT_Agent_CPU_overhead' | k8s-node-2-5-113 - points: ['20.2', '15.48', '20.8']
[INFO] -  + Elasticity agent 'IoT_Agent_CPU_overhead' | k8s-node-1-5-113 - points: ['21.4', '30.6', '20.38']
[INFO] -  + Elasticity agent 'IoT_Agent_CPU_overhead' | k8s-node-2-5-113 - points: ['20.2', '15.48', '20.8']
[INFO] -  + Elasticity agent 'IoT_Agent_CPU_overhead' | k8s-node-1-5-113 - points: ['21.4', '30.6', '20.38']
[INFO] -  + Elasticity agent 'IoT_Agent_CPU_overhead' | k8s-node-2-5-113 - points: ['16.18', '20.2', '15.48']
[INFO] -  + Elasticity agent 'IoT_Agent_CPU_overhead' | k8s-node-1-5-113 - points: ['29', '21.4', '30.6']
[INFO] -  + Elasticity agent 'IoT_Agent_CPU_overhead' | k8s-node-2-5-113 - points: ['16.18', '20.2', '15.48']
[INFO] -  + Elasticity agent 'IoT_Agent_CPU_overhead' | k8s-node-1-5-113 - points: ['29', '21.4', '30.6']
[INFO] -  + Elasticity agent 'IoT_Agent_CPU_overhead' | k8s-node-2-5-113 - points: ['22.2', '16.18', '20.2']
[INFO] -  + Elasticity agent 'IoT_Agent_CPU_overhead' | k8s-node-1-5-113 - points: ['21', '29', '21.4']
[INFO] -  + Elasticity agent 'IoT_Agent_CPU_overhead' | k8s-node-2-5-113 - points: ['23.6', '22.2', '16.18']
[INFO] -  + Elasticity agent 'IoT_Agent_CPU_overhead' | k8s-node-1-5-113 - points: ['22', '21', '29']
[INFO] -  + Elasticity agent 'IoT_Agent_CPU_overhead' | k8s-node-2-5-113 - points: ['23.6', '22.2', '16.18']
[INFO] -  + Elasticity agent 'IoT_Agent_CPU_overhead' | k8s-node-1-5-113 - points: ['22', '21', '29']
[INFO] -  + Elasticity agent 'IoT_Agent_CPU_overhead' | k8s-node-2-5-113 - points: ['14.77', '23.6', '22.2']
[INFO] -  + Elasticity agent 'IoT_Agent_CPU_overhead' | k8s-node-1-5-113 - points: ['31.8', '22', '21']
[INFO] -  + Elasticity agent 'IoT_Agent_CPU_overhead' | k8s-node-2-5-113 - points: ['20.58', '14.77', '23.6']
[INFO] -  + Elasticity agent 'IoT_Agent_CPU_overhead' | k8s-node-1-5-113 - points: ['21.78', '31.8', '22']
[INFO] -  + Elasticity agent 'IoT_Agent_CPU_overhead' | k8s-node-2-5-113 - points: ['20.58', '14.77', '23.6']
[INFO] -  + Elasticity agent 'IoT_Agent_CPU_overhead' | k8s-node-1-5-113 - points: ['21.78', '31.8', '22']
[INFO] -  + Elasticity agent 'IoT_Agent_CPU_overhead' | k8s-node-2-5-113 - points: ['14.25', '20.58', '14.77']
[INFO] -  + Elasticity agent 'IoT_Agent_CPU_overhead' | k8s-node-1-5-113 - points: ['28.8', '21.78', '31.8']
[INFO] -  + Elasticity agent 'IoT_Agent_CPU_overhead' | k8s-node-2-5-113 - points: ['14.25', '20.58', '14.77']
[INFO] -  + Elasticity agent 'IoT_Agent_CPU_overhead' | k8s-node-1-5-113 - points: ['28.8', '21.78', '31.8']
[INFO] -  + Elasticity agent 'IoT_Agent_CPU_overhead' | k8s-node-2-5-113 - points: ['24.2', '14.25', '20.58']
[INFO] -  + Elasticity agent 'IoT_Agent_CPU_overhead' | k8s-node-1-5-113 - points: ['22.6', '28.8', '21.78']
[INFO] -  + Elasticity agent 'IoT_Agent_CPU_overhead' | k8s-node-2-5-113 - points: ['14.98', '24.2', '14.25']
[INFO] -  + Elasticity agent 'IoT_Agent_CPU_overhead' | k8s-node-1-5-113 - points: ['20.2', '22.6', '28.8']
[INFO] -  + Elasticity agent 'IoT_Agent_CPU_overhead' | k8s-node-2-5-113 - points: ['14.98', '24.2', '14.25']
[INFO] -  + Elasticity agent 'IoT_Agent_CPU_overhead' | k8s-node-1-5-113 - points: ['20.2', '22.6', '28.8']
[INFO] - [-] Incomming request for all slice descriptors (YAML)
[INFO] - 200.137.197.224 - - [24/Sep/2019 13:46:33] "GET /necos/sro/slices HTTP/1.1" 200 -
[INFO] -  + Elasticity agent 'IoT_Agent_CPU_overhead' | k8s-node-2-5-113 - points: ['14.6', '14.98', '24.2']
[INFO] -  + Elasticity agent 'IoT_Agent_CPU_overhead' | k8s-node-1-5-113 - points: ['29.21', '20.2', '22.6']
[INFO] -  + Elasticity agent 'IoT_Agent_CPU_overhead' | k8s-node-2-5-113 - points: ['21.84', '14.6', '14.98']
[INFO] -  + Elasticity agent 'IoT_Agent_CPU_overhead' | k8s-node-1-5-113 - points: ['19.21', '29.21', '20.2']
[INFO] -  + Elasticity agent 'IoT_Agent_CPU_overhead' | k8s-node-2-5-113 - points: ['21.84', '14.6', '14.98']
[INFO] -  + Elasticity agent 'IoT_Agent_CPU_overhead' | k8s-node-1-5-113 - points: ['19.21', '29.21', '20.2']
[INFO] -  + Elasticity agent 'IoT_Agent_CPU_overhead' | k8s-node-2-5-113 - points: ['15.8', '21.84', '14.6']
[INFO] -  + Elasticity agent 'IoT_Agent_CPU_overhead' | k8s-node-1-5-113 - points: ['28.8', '19.21', '29.21']
[INFO] -  + Elasticity agent 'IoT_Agent_CPU_overhead' | k8s-node-2-5-113 - points: ['20.2', '15.8', '21.84']
[INFO] -  + Elasticity agent 'IoT_Agent_CPU_overhead' | k8s-node-1-5-113 - points: ['29.8', '28.8', '19.21']
[INFO] -  + Elasticity agent 'IoT_Agent_CPU_overhead' | k8s-node-2-5-113 - points: ['20.2', '15.8', '21.84']
[INFO] -  + Elasticity agent 'IoT_Agent_CPU_overhead' | k8s-node-1-5-113 - points: ['29.8', '28.8', '19.21']
[INFO] -  + Elasticity agent 'IoT_Agent_CPU_overhead' | k8s-node-2-5-113 - points: ['21.89', '20.2', '15.8']
[INFO] -  + Elasticity agent 'IoT_Agent_CPU_overhead' | k8s-node-1-5-113 - points: ['21.2', '29.8', '28.8']
[INFO] -  + Elasticity agent 'IoT_Agent_CPU_overhead' | k8s-node-2-5-113 - points: ['21.89', '20.2', '15.8']
[INFO] -  + Elasticity agent 'IoT_Agent_CPU_overhead' | k8s-node-1-5-113 - points: ['21.2', '29.8', '28.8']
[INFO] -  + Elasticity agent 'IoT_Agent_CPU_overhead' | k8s-node-2-5-113 - points: ['14.96', '21.89', '20.2']
[INFO] -  + Elasticity agent 'IoT_Agent_CPU_overhead' | k8s-node-1-5-113 - points: ['31.2', '21.2', '29.8']
[INFO] -  + Elasticity agent 'IoT_Agent_CPU_overhead' | k8s-node-2-5-113 - points: ['14.61', '14.96', '21.89']
[INFO] -  + Elasticity agent 'IoT_Agent_CPU_overhead' | k8s-node-1-5-113 - points: ['21.2', '31.2', '21.2']
[INFO] -  + Elasticity agent 'IoT_Agent_CPU_overhead' | k8s-node-2-5-113 - points: ['14.61', '14.96', '21.89']
[INFO] -  + Elasticity agent 'IoT_Agent_CPU_overhead' | k8s-node-1-5-113 - points: ['21.2', '31.2', '21.2']
[INFO] -  + Elasticity agent 'IoT_Agent_CPU_overhead' | k8s-node-2-5-113 - points: ['14.46', '14.61', '14.96']
[INFO] -  + Elasticity agent 'IoT_Agent_CPU_overhead' | k8s-node-1-5-113 - points: ['29.4', '21.2', '31.2']
[INFO] -  + Elasticity agent 'IoT_Agent_CPU_overhead' | k8s-node-2-5-113 - points: ['21.12', '14.46', '14.61']
[INFO] -  + Elasticity agent 'IoT_Agent_CPU_overhead' | k8s-node-1-5-113 - points: ['30.18', '29.4', '21.2']
[INFO] -  + Elasticity agent 'IoT_Agent_CPU_overhead' | k8s-node-2-5-113 - points: ['21.12', '14.46', '14.61']
[INFO] -  + Elasticity agent 'IoT_Agent_CPU_overhead' | k8s-node-1-5-113 - points: ['30.18', '29.4', '21.2']
[INFO] -  + Elasticity agent 'IoT_Agent_CPU_overhead' | k8s-node-2-5-113 - points: ['24.55', '21.12', '14.46']
[INFO] -  + Elasticity agent 'IoT_Agent_CPU_overhead' | k8s-node-1-5-113 - points: ['23.4', '30.18', '29.4']
[INFO] -  + Elasticity agent 'IoT_Agent_CPU_overhead' | k8s-node-2-5-113 - points: ['24.55', '21.12', '14.46']
[INFO] -  + Elasticity agent 'IoT_Agent_CPU_overhead' | k8s-node-1-5-113 - points: ['23.4', '30.18', '29.4']
[INFO] -  + Elasticity agent 'IoT_Agent_CPU_overhead' | k8s-node-2-5-113 - points: ['14.22', '24.55', '21.12']
[INFO] -  + Elasticity agent 'IoT_Agent_CPU_overhead' | k8s-node-1-5-113 - points: ['32.4', '23.4', '30.18']
[INFO] -  + Elasticity agent 'IoT_Agent_CPU_overhead' | k8s-node-2-5-113 - points: ['23.52', '14.22', '24.55']
[INFO] -  + Elasticity agent 'IoT_Agent_CPU_overhead' | k8s-node-1-5-113 - points: ['21.2', '32.4', '23.4']
[INFO] -  + Elasticity agent 'IoT_Agent_CPU_overhead' | k8s-node-2-5-113 - points: ['23.52', '14.22', '24.55']
[INFO] -  + Elasticity agent 'IoT_Agent_CPU_overhead' | k8s-node-1-5-113 - points: ['21.2', '32.4', '23.4']
[INFO] -  + Elasticity agent 'IoT_Agent_CPU_overhead' | k8s-node-2-5-113 - points: ['14.63', '23.52', '14.22']
[INFO] -  + Elasticity agent 'IoT_Agent_CPU_overhead' | k8s-node-1-5-113 - points: ['29', '21.2', '32.4']
[INFO] -  + Elasticity agent 'IoT_Agent_CPU_overhead' | k8s-node-2-5-113 - points: ['23.6', '14.63', '23.52']
[INFO] -  + Elasticity agent 'IoT_Agent_CPU_overhead' | k8s-node-1-5-113 - points: ['30.2', '29', '21.2']
[INFO] -  + Elasticity agent 'IoT_Agent_CPU_overhead' | k8s-node-2-5-113 - points: ['23.6', '14.63', '23.52']
[INFO] -  + Elasticity agent 'IoT_Agent_CPU_overhead' | k8s-node-1-5-113 - points: ['30.2', '29', '21.2']
[INFO] -  + Elasticity agent 'IoT_Agent_CPU_overhead' | k8s-node-2-5-113 - points: ['20.48', '23.6', '14.63']
[INFO] -  + Elasticity agent 'IoT_Agent_CPU_overhead' | k8s-node-1-5-113 - points: ['30', '30.2', '29']
[INFO] -  + Elasticity agent 'IoT_Agent_CPU_overhead' | k8s-node-2-5-113 - points: ['15.40', '20.48', '23.6']
[INFO] -  + Elasticity agent 'IoT_Agent_CPU_overhead' | k8s-node-1-5-113 - points: ['30', '30', '30.2']
[INFO] -  + Elasticity agent 'IoT_Agent_CPU_overhead' | k8s-node-2-5-113 - points: ['15.40', '20.48', '23.6']
[INFO] -  + Elasticity agent 'IoT_Agent_CPU_overhead' | k8s-node-1-5-113 - points: ['30', '30', '30.2']
[INFO] -  + Elasticity agent 'IoT_Agent_CPU_overhead' | k8s-node-2-5-113 - points: ['23.8', '15.40', '20.48']
[INFO] -  + Elasticity agent 'IoT_Agent_CPU_overhead' | k8s-node-1-5-113 - points: ['20.8', '30', '30']
[INFO] -  + Elasticity agent 'IoT_Agent_CPU_overhead' | k8s-node-2-5-113 - points: ['23.8', '15.40', '20.48']
[INFO] -  + Elasticity agent 'IoT_Agent_CPU_overhead' | k8s-node-1-5-113 - points: ['20.8', '30', '30']
[INFO] -  + Elasticity agent 'IoT_Agent_CPU_overhead' | k8s-node-2-5-113 - points: ['15.2', '23.8', '15.40']
[INFO] -  + Elasticity agent 'IoT_Agent_CPU_overhead' | k8s-node-1-5-113 - points: ['27.8', '20.8', '30']
[INFO] -  + Elasticity agent 'IoT_Agent_CPU_overhead' | k8s-node-2-5-113 - points: ['20.73', '15.2', '23.8']
[INFO] -  + Elasticity agent 'IoT_Agent_CPU_overhead' | k8s-node-1-5-113 - points: ['27.8', '27.8', '20.8']
[INFO] -  + Elasticity agent 'IoT_Agent_CPU_overhead' | k8s-node-2-5-113 - points: ['20.73', '15.2', '23.8']
[INFO] -  + Elasticity agent 'IoT_Agent_CPU_overhead' | k8s-node-1-5-113 - points: ['27.8', '27.8', '20.8']
[INFO] -  + Elasticity agent 'IoT_Agent_CPU_overhead' | k8s-node-2-5-113 - points: ['15.16', '20.73', '15.2']
[INFO] -  + Elasticity agent 'IoT_Agent_CPU_overhead' | k8s-node-1-5-113 - points: ['28.2', '27.8', '27.8']
[INFO] -  + Elasticity agent 'IoT_Agent_CPU_overhead' | k8s-node-2-5-113 - points: ['15.78', '15.16', '20.73']
[INFO] -  + Elasticity agent 'IoT_Agent_CPU_overhead' | k8s-node-1-5-113 - points: ['29.2', '28.2', '27.8']
[INFO] -  + Elasticity agent 'IoT_Agent_CPU_overhead' | k8s-node-2-5-113 - points: ['15.78', '15.16', '20.73']
[INFO] -  + Elasticity agent 'IoT_Agent_CPU_overhead' | k8s-node-1-5-113 - points: ['29.2', '28.2', '27.8']
[INFO] -  + Elasticity agent 'IoT_Agent_CPU_overhead' | k8s-node-2-5-113 - points: ['14.6', '15.78', '15.16']
[INFO] -  + Elasticity agent 'IoT_Agent_CPU_overhead' | k8s-node-1-5-113 - points: ['20.2', '29.2', '28.2']
[INFO] -  + Elasticity agent 'IoT_Agent_CPU_overhead' | k8s-node-2-5-113 - points: ['14.6', '15.78', '15.16']
[INFO] -  + Elasticity agent 'IoT_Agent_CPU_overhead' | k8s-node-1-5-113 - points: ['20.2', '29.2', '28.2']
[INFO] -  + Elasticity agent 'IoT_Agent_CPU_overhead' | k8s-node-2-5-113 - points: ['21', '14.6', '15.78']
[INFO] -  + Elasticity agent 'IoT_Agent_CPU_overhead' | k8s-node-1-5-113 - points: ['29', '20.2', '29.2']
